<?xml version="1.0" encoding="UTF-8"?>
<!-- Generated by org.testng.reporters.JUnitXMLReporter -->
<testsuite hostname="5CG936BLSS" ignored="0" name="Surefire test" tests="6" failures="0" timestamp="20 Aug 2021 10:24:25 GMT" time="0.025" errors="0">
  <testcase name="IOSApps" time="0.005" classname="SushantPracticeProject.Appium_Test"/>
  <testcase name="NativeAndroid" time="0.0" classname="SushantPracticeProject.Appium_Test"/>
  <testcase name="deleteTwitter" time="0.0" classname="SushantPracticeProject.RestAPI_Test"/>
  <testcase name="postjira" time="0.0" classname="SushantPracticeProject.RestAPI_Test"/>
  <testcase name="BrowserAutomation" time="0.0" classname="SushantPracticeProject.Selenium_Test"/>
  <testcase name="elementsUI" time="0.0" classname="SushantPracticeProject.Selenium_Test"/>
</testsuite> <!-- Surefire test -->
